# JRE version: Java(TM) SE Runtime Environment (8.0_60-b27) (build 1.8.0_60-b27)
# Java VM: Java HotSpot(TM) 64-Bit Server VM (25.60-b23 mixed mode linux-amd64 compressed oops)
Heap:
 PSYoungGen      total 132096K, used 5117K [0x00000000d6b80000, 0x00000000df180000, 0x0000000100000000)
  eden space 126976K, 0% used [0x00000000d6b80000,0x00000000d6b80000,0x00000000de780000)
  from space 5120K, 99% used [0x00000000de780000,0x00000000dec7f408,0x00000000dec80000)
  to   space 5120K, 0% used [0x00000000dec80000,0x00000000dec80000,0x00000000df180000)
 ParOldGen       total 84992K, used 45283K [0x0000000084200000, 0x0000000089500000, 0x00000000d6b80000)
  object space 84992K, 53% used [0x0000000084200000,0x0000000086e38d78,0x0000000089500000)
 Metaspace       used 13271K, capacity 13364K, committed 13696K, reserved 1060864K
  class space    used 1346K, capacity 1375K, committed 1408K, reserved 1048576K
GC Heap History (9 events):
Event: 0,598 GC heap before
{Heap before GC invocations=1 (full 0):
 PSYoungGen      total 36864K, used 31744K [0x00000000d6b80000, 0x00000000d9480000, 0x0000000100000000)
  eden space 31744K, 100% used [0x00000000d6b80000,0x00000000d8a80000,0x00000000d8a80000)
  from space 5120K, 0% used [0x00000000d8f80000,0x00000000d8f80000,0x00000000d9480000)
  to   space 5120K, 0% used [0x00000000d8a80000,0x00000000d8a80000,0x00000000d8f80000)
 ParOldGen       total 84992K, used 0K [0x0000000084200000, 0x0000000089500000, 0x00000000d6b80000)
  object space 84992K, 0% used [0x0000000084200000,0x0000000084200000,0x0000000089500000)
 Metaspace       used 8705K, capacity 8798K, committed 8960K, reserved 1056768K
  class space    used 970K, capacity 1014K, committed 1024K, reserved 1048576K
Event: 0,627 GC heap after
Heap after GC invocations=1 (full 0):
 PSYoungGen      total 36864K, used 4084K [0x00000000d6b80000, 0x00000000db380000, 0x0000000100000000)
  eden space 31744K, 0% used [0x00000000d6b80000,0x00000000d6b80000,0x00000000d8a80000)
  from space 5120K, 79% used [0x00000000d8a80000,0x00000000d8e7d260,0x00000000d8f80000)
  to   space 5120K, 0% used [0x00000000dae80000,0x00000000dae80000,0x00000000db380000)
 ParOldGen       total 84992K, used 8K [0x0000000084200000, 0x0000000089500000, 0x00000000d6b80000)
  object space 84992K, 0% used [0x0000000084200000,0x0000000084202000,0x0000000089500000)
 Metaspace       used 8705K, capacity 8798K, committed 8960K, reserved 1056768K
  class space    used 970K, capacity 1014K, committed 1024K, reserved 1048576K
}
Event: 0,814 GC heap before
{Heap before GC invocations=2 (full 0):
 PSYoungGen      total 36864K, used 35828K [0x00000000d6b80000, 0x00000000db380000, 0x0000000100000000)
  eden space 31744K, 100% used [0x00000000d6b80000,0x00000000d8a80000,0x00000000d8a80000)
  from space 5120K, 79% used [0x00000000d8a80000,0x00000000d8e7d260,0x00000000d8f80000)
  to   space 5120K, 0% used [0x00000000dae80000,0x00000000dae80000,0x00000000db380000)
 ParOldGen       total 84992K, used 8K [0x0000000084200000, 0x0000000089500000, 0x00000000d6b80000)
  object space 84992K, 0% used [0x0000000084200000,0x0000000084202000,0x0000000089500000)
 Metaspace       used 9120K, capacity 9220K, committed 9344K, reserved 1056768K
  class space    used 1011K, capacity 1047K, committed 1152K, reserved 1048576K
Event: 0,837 GC heap after
Heap after GC invocations=2 (full 0):
 PSYoungGen      total 68608K, used 2445K [0x00000000d6b80000, 0x00000000db380000, 0x0000000100000000)
  eden space 63488K, 0% used [0x00000000d6b80000,0x00000000d6b80000,0x00000000da980000)
  from space 5120K, 47% used [0x00000000dae80000,0x00000000db0e3538,0x00000000db380000)
  to   space 5120K, 0% used [0x00000000da980000,0x00000000da980000,0x00000000dae80000)
 ParOldGen       total 84992K, used 24K [0x0000000084200000, 0x0000000089500000, 0x00000000d6b80000)
  object space 84992K, 0% used [0x0000000084200000,0x0000000084206000,0x0000000089500000)
 Metaspace       used 9120K, capacity 9220K, committed 9344K, reserved 1056768K
  class space    used 1011K, capacity 1047K, committed 1152K, reserved 1048576K
}
Event: 2,517 GC heap before
{Heap before GC invocations=3 (full 0):
 PSYoungGen      total 68608K, used 65933K [0x00000000d6b80000, 0x00000000db380000, 0x0000000100000000)
  eden space 63488K, 100% used [0x00000000d6b80000,0x00000000da980000,0x00000000da980000)
  from space 5120K, 47% used [0x00000000dae80000,0x00000000db0e3538,0x00000000db380000)
  to   space 5120K, 0% used [0x00000000da980000,0x00000000da980000,0x00000000dae80000)
 ParOldGen       total 84992K, used 24K [0x0000000084200000, 0x0000000089500000, 0x00000000d6b80000)
  object space 84992K, 0% used [0x0000000084200000,0x0000000084206000,0x0000000089500000)
 Metaspace       used 12220K, capacity 12334K, committed 12416K, reserved 1060864K
  class space    used 1338K, capacity 1374K, committed 1408K, reserved 1048576K
Event: 2,553 GC heap after
Heap after GC invocations=3 (full 0):
 PSYoungGen      total 68608K, used 5092K [0x00000000d6b80000, 0x00000000df180000, 0x0000000100000000)
  eden space 63488K, 0% used [0x00000000d6b80000,0x00000000d6b80000,0x00000000da980000)
  from space 5120K, 99% used [0x00000000da980000,0x00000000dae79220,0x00000000dae80000)
  to   space 5120K, 0% used [0x00000000dec80000,0x00000000dec80000,0x00000000df180000)
 ParOldGen       total 84992K, used 2763K [0x0000000084200000, 0x0000000089500000, 0x00000000d6b80000)
  object space 84992K, 3% used [0x0000000084200000,0x00000000844b2d38,0x0000000089500000)
 Metaspace       used 12220K, capacity 12334K, committed 12416K, reserved 1060864K
  class space    used 1338K, capacity 1374K, committed 1408K, reserved 1048576K
}
Event: 2,952 GC heap before
{Heap before GC invocations=4 (full 0):
 PSYoungGen      total 68608K, used 68580K [0x00000000d6b80000, 0x00000000df180000, 0x0000000100000000)
  eden space 63488K, 100% used [0x00000000d6b80000,0x00000000da980000,0x00000000da980000)
  from space 5120K, 99% used [0x00000000da980000,0x00000000dae79220,0x00000000dae80000)
  to   space 5120K, 0% used [0x00000000dec80000,0x00000000dec80000,0x00000000df180000)
 ParOldGen       total 84992K, used 2763K [0x0000000084200000, 0x0000000089500000, 0x00000000d6b80000)
  object space 84992K, 3% used [0x0000000084200000,0x00000000844b2d38,0x0000000089500000)
 Metaspace       used 12839K, capacity 12980K, committed 13184K, reserved 1060864K
  class space    used 1346K, capacity 1375K, committed 1408K, reserved 1048576K
Event: 2,975 GC heap after
Heap after GC invocations=4 (full 0):
 PSYoungGen      total 132096K, used 5116K [0x00000000d6b80000, 0x00000000df180000, 0x0000000100000000)
  eden space 126976K, 0% used [0x00000000d6b80000,0x00000000d6b80000,0x00000000de780000)
  from space 5120K, 99% used [0x00000000dec80000,0x00000000df17f3e8,0x00000000df180000)
  to   space 5120K, 0% used [0x00000000de780000,0x00000000de780000,0x00000000dec80000)
 ParOldGen       total 84992K, used 10179K [0x0000000084200000, 0x0000000089500000, 0x00000000d6b80000)
  object space 84992K, 11% used [0x0000000084200000,0x0000000084bf0d38,0x0000000089500000)
 Metaspace       used 12839K, capacity 12980K, committed 13184K, reserved 1060864K
  class space    used 1346K, capacity 1375K, committed 1408K, reserved 1048576K
}
Event: 3,981 GC heap before
{Heap before GC invocations=5 (full 0):
 PSYoungGen      total 132096K, used 132092K [0x00000000d6b80000, 0x00000000df180000, 0x0000000100000000)
  eden space 126976K, 100% used [0x00000000d6b80000,0x00000000de780000,0x00000000de780000)
  from space 5120K, 99% used [0x00000000dec80000,0x00000000df17f3e8,0x00000000df180000)
  to   space 5120K, 0% used [0x00000000de780000,0x00000000de780000,0x00000000dec80000)
 ParOldGen       total 84992K, used 10179K [0x0000000084200000, 0x0000000089500000, 0x00000000d6b80000)
  object space 84992K, 11% used [0x0000000084200000,0x0000000084bf0d38,0x0000000089500000)
 Metaspace       used 13271K, capacity 13364K, committed 13696K, reserved 1060864K
  class space    used 1346K, capacity 1375K, committed 1408K, reserved 1048576K

