# JRE version: Java(TM) SE Runtime Environment (8.0_60-b27) (build 1.8.0_60-b27)
# Java VM: Java HotSpot(TM) 64-Bit Server VM (25.60-b23 mixed mode linux-amd64 compressed oops)
Heap:
 PSYoungGen      total 451072K, used 70763K [0x00000000d6b80000, 0x0000000100000000, 0x0000000100000000)
  eden space 225792K, 0% used [0x00000000d6b80000,0x00000000d6b80000,0x00000000e4800000)
  from space 225280K, 31% used [0x00000000e4800000,0x00000000e8d1ad98,0x00000000f2400000)
  to   space 220160K, 0% used [0x00000000f2900000,0x00000000f2900000,0x0000000100000000)
 ParOldGen       total 665600K, used 665547K [0x0000000084200000, 0x00000000acc00000, 0x00000000d6b80000)
  object space 665600K, 99% used [0x0000000084200000,0x00000000acbf2dd8,0x00000000acc00000)
 Metaspace       used 8067K, capacity 8144K, committed 8320K, reserved 1056768K
  class space    used 796K, capacity 821K, committed 896K, reserved 1048576K
GC Heap History (10 events):
Event: 14,587 GC heap after
Heap after GC invocations=14 (full 2):
 PSYoungGen      total 324096K, used 78834K [0x00000000d6b80000, 0x0000000100000000, 0x0000000100000000)
  eden space 245248K, 0% used [0x00000000d6b80000,0x00000000d6b80000,0x00000000e5b00000)
  from space 78848K, 99% used [0x00000000fb300000,0x00000000ffffc808,0x0000000100000000)
  to   space 215552K, 0% used [0x00000000e5b00000,0x00000000e5b00000,0x00000000f2d80000)
 ParOldGen       total 407552K, used 405118K [0x0000000084200000, 0x000000009d000000, 0x00000000d6b80000)
  object space 407552K, 99% used [0x0000000084200000,0x000000009cd9f9a0,0x000000009d000000)
 Metaspace       used 8067K, capacity 8144K, committed 8320K, reserved 1056768K
  class space    used 796K, capacity 821K, committed 896K, reserved 1048576K
}
Event: 14,619 GC heap before
{Heap before GC invocations=15 (full 3):
 PSYoungGen      total 324096K, used 78834K [0x00000000d6b80000, 0x0000000100000000, 0x0000000100000000)
  eden space 245248K, 0% used [0x00000000d6b80000,0x00000000d6b80000,0x00000000e5b00000)
  from space 78848K, 99% used [0x00000000fb300000,0x00000000ffffc808,0x0000000100000000)
  to   space 215552K, 0% used [0x00000000e5b00000,0x00000000e5b00000,0x00000000f2d80000)
 ParOldGen       total 407552K, used 405118K [0x0000000084200000, 0x000000009d000000, 0x00000000d6b80000)
  object space 407552K, 99% used [0x0000000084200000,0x000000009cd9f9a0,0x000000009d000000)
 Metaspace       used 8067K, capacity 8144K, committed 8320K, reserved 1056768K
  class space    used 796K, capacity 821K, committed 896K, reserved 1048576K
Event: 16,449 GC heap after
Heap after GC invocations=15 (full 3):
 PSYoungGen      total 324096K, used 78714K [0x00000000d6b80000, 0x0000000100000000, 0x0000000100000000)
  eden space 245248K, 0% used [0x00000000d6b80000,0x00000000d6b80000,0x00000000e5b00000)
  from space 78848K, 99% used [0x00000000fb300000,0x00000000fffdeb68,0x0000000100000000)
  to   space 215552K, 0% used [0x00000000e5b00000,0x00000000e5b00000,0x00000000f2d80000)
 ParOldGen       total 623616K, used 400904K [0x0000000084200000, 0x00000000aa300000, 0x00000000d6b80000)
  object space 623616K, 64% used [0x0000000084200000,0x000000009c982300,0x00000000aa300000)
 Metaspace       used 8067K, capacity 8144K, committed 8320K, reserved 1056768K
  class space    used 796K, capacity 821K, committed 896K, reserved 1048576K
}
Event: 16,944 GC heap before
{Heap before GC invocations=16 (full 3):
 PSYoungGen      total 324096K, used 323962K [0x00000000d6b80000, 0x0000000100000000, 0x0000000100000000)
  eden space 245248K, 100% used [0x00000000d6b80000,0x00000000e5b00000,0x00000000e5b00000)
  from space 78848K, 99% used [0x00000000fb300000,0x00000000fffdeb68,0x0000000100000000)
  to   space 215552K, 0% used [0x00000000e5b00000,0x00000000e5b00000,0x00000000f2d80000)
 ParOldGen       total 623616K, used 400904K [0x0000000084200000, 0x00000000aa300000, 0x00000000d6b80000)
  object space 623616K, 64% used [0x0000000084200000,0x000000009c982300,0x00000000aa300000)
 Metaspace       used 8067K, capacity 8144K, committed 8320K, reserved 1056768K
  class space    used 796K, capacity 821K, committed 896K, reserved 1048576K
Event: 17,306 GC heap after
Heap after GC invocations=16 (full 3):
 PSYoungGen      total 460800K, used 88224K [0x00000000d6b80000, 0x0000000100000000, 0x0000000100000000)
  eden space 245248K, 0% used [0x00000000d6b80000,0x00000000d6b80000,0x00000000e5b00000)
  from space 215552K, 40% used [0x00000000e5b00000,0x00000000eb128000,0x00000000f2d80000)
  to   space 206848K, 0% used [0x00000000f3600000,0x00000000f3600000,0x0000000100000000)
 ParOldGen       total 623616K, used 480106K [0x0000000084200000, 0x00000000aa300000, 0x00000000d6b80000)
  object space 623616K, 76% used [0x0000000084200000,0x00000000a16dab08,0x00000000aa300000)
 Metaspace       used 8067K, capacity 8144K, committed 8320K, reserved 1056768K
  class space    used 796K, capacity 821K, committed 896K, reserved 1048576K
}
Event: 17,799 GC heap before
{Heap before GC invocations=17 (full 3):
 PSYoungGen      total 460800K, used 333472K [0x00000000d6b80000, 0x0000000100000000, 0x0000000100000000)
  eden space 245248K, 100% used [0x00000000d6b80000,0x00000000e5b00000,0x00000000e5b00000)
  from space 215552K, 40% used [0x00000000e5b00000,0x00000000eb128000,0x00000000f2d80000)
  to   space 206848K, 0% used [0x00000000f3600000,0x00000000f3600000,0x0000000100000000)
 ParOldGen       total 623616K, used 480106K [0x0000000084200000, 0x00000000aa300000, 0x00000000d6b80000)
  object space 623616K, 76% used [0x0000000084200000,0x00000000a16dab08,0x00000000aa300000)
 Metaspace       used 8067K, capacity 8144K, committed 8320K, reserved 1056768K
  class space    used 796K, capacity 821K, committed 896K, reserved 1048576K
Event: 17,864 GC heap after
Heap after GC invocations=17 (full 3):
 PSYoungGen      total 432640K, used 183195K [0x00000000d6b80000, 0x0000000100000000, 0x0000000100000000)
  eden space 225792K, 0% used [0x00000000d6b80000,0x00000000d6b80000,0x00000000e4800000)
  from space 206848K, 88% used [0x00000000f3600000,0x00000000fe8e6c08,0x0000000100000000)
  to   space 225280K, 0% used [0x00000000e4800000,0x00000000e4800000,0x00000000f2400000)
 ParOldGen       total 623616K, used 480106K [0x0000000084200000, 0x00000000aa300000, 0x00000000d6b80000)
  object space 623616K, 76% used [0x0000000084200000,0x00000000a16dab08,0x00000000aa300000)
 Metaspace       used 8067K, capacity 8144K, committed 8320K, reserved 1056768K
  class space    used 796K, capacity 821K, committed 896K, reserved 1048576K
}
Event: 18,272 GC heap before
{Heap before GC invocations=18 (full 3):
 PSYoungGen      total 432640K, used 408987K [0x00000000d6b80000, 0x0000000100000000, 0x0000000100000000)
  eden space 225792K, 100% used [0x00000000d6b80000,0x00000000e4800000,0x00000000e4800000)
  from space 206848K, 88% used [0x00000000f3600000,0x00000000fe8e6c08,0x0000000100000000)
  to   space 225280K, 0% used [0x00000000e4800000,0x00000000e4800000,0x00000000f2400000)
 ParOldGen       total 623616K, used 480106K [0x0000000084200000, 0x00000000aa300000, 0x00000000d6b80000)
  object space 623616K, 76% used [0x0000000084200000,0x00000000a16dab08,0x00000000aa300000)
 Metaspace       used 8067K, capacity 8144K, committed 8320K, reserved 1056768K
  class space    used 796K, capacity 821K, committed 896K, reserved 1048576K
Event: 18,751 GC heap after
Heap after GC invocations=18 (full 3):
 PSYoungGen      total 451072K, used 81216K [0x00000000d6b80000, 0x0000000100000000, 0x0000000100000000)
  eden space 225792K, 0% used [0x00000000d6b80000,0x00000000d6b80000,0x00000000e4800000)
  from space 225280K, 36% used [0x00000000e4800000,0x00000000e9750000,0x00000000f2400000)
  to   space 220160K, 0% used [0x00000000f2900000,0x00000000f2900000,0x0000000100000000)
 ParOldGen       total 665600K, used 663997K [0x0000000084200000, 0x00000000acc00000, 0x00000000d6b80000)
  object space 665600K, 99% used [0x0000000084200000,0x00000000aca6f710,0x00000000acc00000)
 Metaspace       used 8067K, capacity 8144K, committed 8320K, reserved 1056768K
  class space    used 796K, capacity 821K, committed 896K, reserved 1048576K
}
Event: 18,751 GC heap before
{Heap before GC invocations=19 (full 4):
 PSYoungGen      total 451072K, used 81216K [0x00000000d6b80000, 0x0000000100000000, 0x0000000100000000)
  eden space 225792K, 0% used [0x00000000d6b80000,0x00000000d6b80000,0x00000000e4800000)
  from space 225280K, 36% used [0x00000000e4800000,0x00000000e9750000,0x00000000f2400000)
  to   space 220160K, 0% used [0x00000000f2900000,0x00000000f2900000,0x0000000100000000)
 ParOldGen       total 665600K, used 663997K [0x0000000084200000, 0x00000000acc00000, 0x00000000d6b80000)
  object space 665600K, 99% used [0x0000000084200000,0x00000000aca6f710,0x00000000acc00000)
 Metaspace       used 8067K, capacity 8144K, committed 8320K, reserved 1056768K
  class space    used 796K, capacity 821K, committed 896K, reserved 1048576K

