# JRE version: Java(TM) SE Runtime Environment (8.0_60-b27) (build 1.8.0_60-b27)
# Java VM: Java HotSpot(TM) 64-Bit Server VM (25.60-b23 mixed mode linux-amd64 compressed oops)
Heap:
 PSYoungGen      total 310784K, used 76288K [0x00000000d6b80000, 0x00000000f0300000, 0x0000000100000000)
  eden space 234496K, 0% used [0x00000000d6b80000,0x00000000d6b80000,0x00000000e5080000)
  from space 76288K, 100% used [0x00000000eb880000,0x00000000f0300000,0x00000000f0300000)
  to   space 47616K, 0% used [0x00000000e5080000,0x00000000e5080000,0x00000000e7f00000)
 ParOldGen       total 142336K, used 132082K [0x0000000084200000, 0x000000008cd00000, 0x00000000d6b80000)
  object space 142336K, 92% used [0x0000000084200000,0x000000008c2fc8a0,0x000000008cd00000)
 Metaspace       used 13224K, capacity 13328K, committed 13440K, reserved 1060864K
  class space    used 1347K, capacity 1369K, committed 1408K, reserved 1048576K
GC Heap History (10 events):
Event: 4,303 GC heap after
Heap after GC invocations=4 (full 0):
 PSYoungGen      total 132096K, used 5100K [0x00000000d6b80000, 0x00000000df180000, 0x0000000100000000)
  eden space 126976K, 0% used [0x00000000d6b80000,0x00000000d6b80000,0x00000000de780000)
  from space 5120K, 99% used [0x00000000dec80000,0x00000000df17b000,0x00000000df180000)
  to   space 5120K, 0% used [0x00000000de780000,0x00000000de780000,0x00000000dec80000)
 ParOldGen       total 84992K, used 19105K [0x0000000084200000, 0x0000000089500000, 0x00000000d6b80000)
  object space 84992K, 22% used [0x0000000084200000,0x00000000854a85b0,0x0000000089500000)
 Metaspace       used 12920K, capacity 13072K, committed 13184K, reserved 1060864K
  class space    used 1342K, capacity 1369K, committed 1408K, reserved 1048576K
}
Event: 5,370 GC heap before
{Heap before GC invocations=5 (full 0):
 PSYoungGen      total 132096K, used 132076K [0x00000000d6b80000, 0x00000000df180000, 0x0000000100000000)
  eden space 126976K, 100% used [0x00000000d6b80000,0x00000000de780000,0x00000000de780000)
  from space 5120K, 99% used [0x00000000dec80000,0x00000000df17b000,0x00000000df180000)
  to   space 5120K, 0% used [0x00000000de780000,0x00000000de780000,0x00000000dec80000)
 ParOldGen       total 84992K, used 19105K [0x0000000084200000, 0x0000000089500000, 0x00000000d6b80000)
  object space 84992K, 22% used [0x0000000084200000,0x00000000854a85b0,0x0000000089500000)
 Metaspace       used 13169K, capacity 13328K, committed 13440K, reserved 1060864K
  class space    used 1342K, capacity 1369K, committed 1408K, reserved 1048576K
Event: 5,492 GC heap after
Heap after GC invocations=5 (full 0):
 PSYoungGen      total 132096K, used 5115K [0x00000000d6b80000, 0x00000000eb180000, 0x0000000100000000)
  eden space 126976K, 0% used [0x00000000d6b80000,0x00000000d6b80000,0x00000000de780000)
  from space 5120K, 99% used [0x00000000de780000,0x00000000dec7eff0,0x00000000dec80000)
  to   space 39936K, 0% used [0x00000000e8a80000,0x00000000e8a80000,0x00000000eb180000)
 ParOldGen       total 84992K, used 54137K [0x0000000084200000, 0x0000000089500000, 0x00000000d6b80000)
  object space 84992K, 63% used [0x0000000084200000,0x00000000876de5f0,0x0000000089500000)
 Metaspace       used 13169K, capacity 13328K, committed 13440K, reserved 1060864K
  class space    used 1342K, capacity 1369K, committed 1408K, reserved 1048576K
}
Event: 5,493 GC heap before
{Heap before GC invocations=6 (full 1):
 PSYoungGen      total 132096K, used 5115K [0x00000000d6b80000, 0x00000000eb180000, 0x0000000100000000)
  eden space 126976K, 0% used [0x00000000d6b80000,0x00000000d6b80000,0x00000000de780000)
  from space 5120K, 99% used [0x00000000de780000,0x00000000dec7eff0,0x00000000dec80000)
  to   space 39936K, 0% used [0x00000000e8a80000,0x00000000e8a80000,0x00000000eb180000)
 ParOldGen       total 84992K, used 54137K [0x0000000084200000, 0x0000000089500000, 0x00000000d6b80000)
  object space 84992K, 63% used [0x0000000084200000,0x00000000876de5f0,0x0000000089500000)
 Metaspace       used 13169K, capacity 13328K, committed 13440K, reserved 1060864K
  class space    used 1342K, capacity 1369K, committed 1408K, reserved 1048576K
Event: 6,023 GC heap after
Heap after GC invocations=6 (full 1):
 PSYoungGen      total 132096K, used 0K [0x00000000d6b80000, 0x00000000eb180000, 0x0000000100000000)
  eden space 126976K, 0% used [0x00000000d6b80000,0x00000000d6b80000,0x00000000de780000)
  from space 5120K, 0% used [0x00000000de780000,0x00000000de780000,0x00000000dec80000)
  to   space 39936K, 0% used [0x00000000e8a80000,0x00000000e8a80000,0x00000000eb180000)
 ParOldGen       total 142336K, used 57394K [0x0000000084200000, 0x000000008cd00000, 0x00000000d6b80000)
  object space 142336K, 40% used [0x0000000084200000,0x0000000087a0c880,0x000000008cd00000)
 Metaspace       used 13169K, capacity 13328K, committed 13440K, reserved 1060864K
  class space    used 1342K, capacity 1369K, committed 1408K, reserved 1048576K
}
Event: 6,854 GC heap before
{Heap before GC invocations=7 (full 1):
 PSYoungGen      total 132096K, used 126976K [0x00000000d6b80000, 0x00000000eb180000, 0x0000000100000000)
  eden space 126976K, 100% used [0x00000000d6b80000,0x00000000de780000,0x00000000de780000)
  from space 5120K, 0% used [0x00000000de780000,0x00000000de780000,0x00000000dec80000)
  to   space 39936K, 0% used [0x00000000e8a80000,0x00000000e8a80000,0x00000000eb180000)
 ParOldGen       total 142336K, used 57394K [0x0000000084200000, 0x000000008cd00000, 0x00000000d6b80000)
  object space 142336K, 40% used [0x0000000084200000,0x0000000087a0c880,0x000000008cd00000)
 Metaspace       used 13204K, capacity 13328K, committed 13440K, reserved 1060864K
  class space    used 1342K, capacity 1369K, committed 1408K, reserved 1048576K
Event: 6,923 GC heap after
Heap after GC invocations=7 (full 1):
 PSYoungGen      total 209920K, used 35344K [0x00000000d6b80000, 0x00000000ead80000, 0x0000000100000000)
  eden space 174080K, 0% used [0x00000000d6b80000,0x00000000d6b80000,0x00000000e1580000)
  from space 35840K, 98% used [0x00000000e8a80000,0x00000000ead04010,0x00000000ead80000)
  to   space 47616K, 0% used [0x00000000e5080000,0x00000000e5080000,0x00000000e7f00000)
 ParOldGen       total 142336K, used 57402K [0x0000000084200000, 0x000000008cd00000, 0x00000000d6b80000)
  object space 142336K, 40% used [0x0000000084200000,0x0000000087a0e880,0x000000008cd00000)
 Metaspace       used 13204K, capacity 13328K, committed 13440K, reserved 1060864K
  class space    used 1342K, capacity 1369K, committed 1408K, reserved 1048576K
}
Event: 7,826 GC heap before
{Heap before GC invocations=8 (full 1):
 PSYoungGen      total 209920K, used 209424K [0x00000000d6b80000, 0x00000000ead80000, 0x0000000100000000)
  eden space 174080K, 100% used [0x00000000d6b80000,0x00000000e1580000,0x00000000e1580000)
  from space 35840K, 98% used [0x00000000e8a80000,0x00000000ead04010,0x00000000ead80000)
  to   space 47616K, 0% used [0x00000000e5080000,0x00000000e5080000,0x00000000e7f00000)
 ParOldGen       total 142336K, used 57402K [0x0000000084200000, 0x000000008cd00000, 0x00000000d6b80000)
  object space 142336K, 40% used [0x0000000084200000,0x0000000087a0e880,0x000000008cd00000)
 Metaspace       used 13224K, capacity 13328K, committed 13440K, reserved 1060864K
  class space    used 1347K, capacity 1369K, committed 1408K, reserved 1048576K
Event: 8,089 GC heap after
Heap after GC invocations=8 (full 1):
 PSYoungGen      total 282112K, used 47616K [0x00000000d6b80000, 0x00000000f0300000, 0x0000000100000000)
  eden space 234496K, 0% used [0x00000000d6b80000,0x00000000d6b80000,0x00000000e5080000)
  from space 47616K, 100% used [0x00000000e5080000,0x00000000e7f00000,0x00000000e7f00000)
  to   space 76288K, 0% used [0x00000000eb880000,0x00000000eb880000,0x00000000f0300000)
 ParOldGen       total 142336K, used 93818K [0x0000000084200000, 0x000000008cd00000, 0x00000000d6b80000)
  object space 142336K, 65% used [0x0000000084200000,0x0000000089d9e8a0,0x000000008cd00000)
 Metaspace       used 13224K, capacity 13328K, committed 13440K, reserved 1060864K
  class space    used 1347K, capacity 1369K, committed 1408K, reserved 1048576K
}
Event: 9,080 GC heap before
{Heap before GC invocations=9 (full 1):
 PSYoungGen      total 282112K, used 282112K [0x00000000d6b80000, 0x00000000f0300000, 0x0000000100000000)
  eden space 234496K, 100% used [0x00000000d6b80000,0x00000000e5080000,0x00000000e5080000)
  from space 47616K, 100% used [0x00000000e5080000,0x00000000e7f00000,0x00000000e7f00000)
  to   space 76288K, 0% used [0x00000000eb880000,0x00000000eb880000,0x00000000f0300000)
 ParOldGen       total 142336K, used 93818K [0x0000000084200000, 0x000000008cd00000, 0x00000000d6b80000)
  object space 142336K, 65% used [0x0000000084200000,0x0000000089d9e8a0,0x000000008cd00000)
 Metaspace       used 13224K, capacity 13328K, committed 13440K, reserved 1060864K
  class space    used 1347K, capacity 1369K, committed 1408K, reserved 1048576K

