# JRE version: Java(TM) SE Runtime Environment (8.0_60-b27) (build 1.8.0_60-b27)
# Java VM: Java HotSpot(TM) 64-Bit Server VM (25.60-b23 mixed mode linux-amd64 compressed oops)
Heap:
 PSYoungGen      total 144384K, used 24058K [0x00000000d6b80000, 0x00000000e1680000, 0x0000000100000000)
  eden space 120320K, 0% used [0x00000000d6b80000,0x00000000d6b80000,0x00000000de100000)
  from space 24064K, 99% used [0x00000000de100000,0x00000000df87ebc8,0x00000000df880000)
  to   space 17408K, 0% used [0x00000000df880000,0x00000000df880000,0x00000000e0980000)
 ParOldGen       total 84992K, used 47518K [0x0000000084200000, 0x0000000089500000, 0x00000000d6b80000)
  object space 84992K, 55% used [0x0000000084200000,0x00000000870678c8,0x0000000089500000)
 Metaspace       used 13227K, capacity 13324K, committed 13440K, reserved 1060864K
  class space    used 1347K, capacity 1369K, committed 1408K, reserved 1048576K
GC Heap History (10 events):
Event: 2,176 GC heap after
Heap after GC invocations=2 (full 0):
 PSYoungGen      total 36864K, used 2285K [0x00000000d6b80000, 0x00000000db380000, 0x0000000100000000)
  eden space 31744K, 0% used [0x00000000d6b80000,0x00000000d6b80000,0x00000000d8a80000)
  from space 5120K, 44% used [0x00000000d8f80000,0x00000000d91bb538,0x00000000d9480000)
  to   space 5120K, 0% used [0x00000000d8a80000,0x00000000d8a80000,0x00000000d8f80000)
 ParOldGen       total 84992K, used 16K [0x0000000084200000, 0x0000000089500000, 0x00000000d6b80000)
  object space 84992K, 0% used [0x0000000084200000,0x0000000084204000,0x0000000089500000)
 Metaspace       used 9109K, capacity 9216K, committed 9344K, reserved 1056768K
  class space    used 1011K, capacity 1047K, committed 1152K, reserved 1048576K
}
Event: 6,648 GC heap before
{Heap before GC invocations=3 (full 0):
 PSYoungGen      total 36864K, used 33650K [0x00000000d6b80000, 0x00000000db380000, 0x0000000100000000)
  eden space 31744K, 98% used [0x00000000d6b80000,0x00000000d8a215d0,0x00000000d8a80000)
  from space 5120K, 44% used [0x00000000d8f80000,0x00000000d91bb538,0x00000000d9480000)
  to   space 5120K, 0% used [0x00000000d8a80000,0x00000000d8a80000,0x00000000d8f80000)
 ParOldGen       total 84992K, used 16K [0x0000000084200000, 0x0000000089500000, 0x00000000d6b80000)
  object space 84992K, 0% used [0x0000000084200000,0x0000000084204000,0x0000000089500000)
 Metaspace       used 11961K, capacity 12038K, committed 12160K, reserved 1060864K
  class space    used 1331K, capacity 1368K, committed 1408K, reserved 1048576K
Event: 6,658 GC heap after
Heap after GC invocations=3 (full 0):
 PSYoungGen      total 36864K, used 5108K [0x00000000d6b80000, 0x00000000db380000, 0x0000000100000000)
  eden space 31744K, 0% used [0x00000000d6b80000,0x00000000d6b80000,0x00000000d8a80000)
  from space 5120K, 99% used [0x00000000d8a80000,0x00000000d8f7d250,0x00000000d8f80000)
  to   space 5120K, 0% used [0x00000000dae80000,0x00000000dae80000,0x00000000db380000)
 ParOldGen       total 84992K, used 260K [0x0000000084200000, 0x0000000089500000, 0x00000000d6b80000)
  object space 84992K, 0% used [0x0000000084200000,0x0000000084241350,0x0000000089500000)
 Metaspace       used 11961K, capacity 12038K, committed 12160K, reserved 1060864K
  class space    used 1331K, capacity 1368K, committed 1408K, reserved 1048576K
}
Event: 7,084 GC heap before
{Heap before GC invocations=4 (full 0):
 PSYoungGen      total 36864K, used 36852K [0x00000000d6b80000, 0x00000000db380000, 0x0000000100000000)
  eden space 31744K, 100% used [0x00000000d6b80000,0x00000000d8a80000,0x00000000d8a80000)
  from space 5120K, 99% used [0x00000000d8a80000,0x00000000d8f7d250,0x00000000d8f80000)
  to   space 5120K, 0% used [0x00000000dae80000,0x00000000dae80000,0x00000000db380000)
 ParOldGen       total 84992K, used 260K [0x0000000084200000, 0x0000000089500000, 0x00000000d6b80000)
  object space 84992K, 0% used [0x0000000084200000,0x0000000084241350,0x0000000089500000)
 Metaspace       used 12264K, capacity 12358K, committed 12416K, reserved 1060864K
  class space    used 1334K, capacity 1368K, committed 1408K, reserved 1048576K
Event: 7,114 GC heap after
Heap after GC invocations=4 (full 0):
 PSYoungGen      total 68608K, used 5104K [0x00000000d6b80000, 0x00000000db380000, 0x0000000100000000)
  eden space 63488K, 0% used [0x00000000d6b80000,0x00000000d6b80000,0x00000000da980000)
  from space 5120K, 99% used [0x00000000dae80000,0x00000000db37c1b0,0x00000000db380000)
  to   space 5120K, 0% used [0x00000000da980000,0x00000000da980000,0x00000000dae80000)
 ParOldGen       total 84992K, used 2268K [0x0000000084200000, 0x0000000089500000, 0x00000000d6b80000)
  object space 84992K, 2% used [0x0000000084200000,0x0000000084437250,0x0000000089500000)
 Metaspace       used 12264K, capacity 12358K, committed 12416K, reserved 1060864K
  class space    used 1334K, capacity 1368K, committed 1408K, reserved 1048576K
}
Event: 8,161 GC heap before
{Heap before GC invocations=5 (full 0):
 PSYoungGen      total 68608K, used 68592K [0x00000000d6b80000, 0x00000000db380000, 0x0000000100000000)
  eden space 63488K, 100% used [0x00000000d6b80000,0x00000000da980000,0x00000000da980000)
  from space 5120K, 99% used [0x00000000dae80000,0x00000000db37c1b0,0x00000000db380000)
  to   space 5120K, 0% used [0x00000000da980000,0x00000000da980000,0x00000000dae80000)
 ParOldGen       total 84992K, used 2268K [0x0000000084200000, 0x0000000089500000, 0x00000000d6b80000)
  object space 84992K, 2% used [0x0000000084200000,0x0000000084437250,0x0000000089500000)
 Metaspace       used 12871K, capacity 13004K, committed 13184K, reserved 1060864K
  class space    used 1347K, capacity 1369K, committed 1408K, reserved 1048576K
Event: 8,192 GC heap after
Heap after GC invocations=5 (full 0):
 PSYoungGen      total 68608K, used 5114K [0x00000000d6b80000, 0x00000000e0980000, 0x0000000100000000)
  eden space 63488K, 0% used [0x00000000d6b80000,0x00000000d6b80000,0x00000000da980000)
  from space 5120K, 99% used [0x00000000da980000,0x00000000dae7ebe8,0x00000000dae80000)
  to   space 17408K, 0% used [0x00000000df880000,0x00000000df880000,0x00000000e0980000)
 ParOldGen       total 84992K, used 15786K [0x0000000084200000, 0x0000000089500000, 0x00000000d6b80000)
  object space 84992K, 18% used [0x0000000084200000,0x000000008516a858,0x0000000089500000)
 Metaspace       used 12871K, capacity 13004K, committed 13184K, reserved 1060864K
  class space    used 1347K, capacity 1369K, committed 1408K, reserved 1048576K
}
Event: 8,683 GC heap before
{Heap before GC invocations=6 (full 0):
 PSYoungGen      total 68608K, used 68602K [0x00000000d6b80000, 0x00000000e0980000, 0x0000000100000000)
  eden space 63488K, 100% used [0x00000000d6b80000,0x00000000da980000,0x00000000da980000)
  from space 5120K, 99% used [0x00000000da980000,0x00000000dae7ebe8,0x00000000dae80000)
  to   space 17408K, 0% used [0x00000000df880000,0x00000000df880000,0x00000000e0980000)
 ParOldGen       total 84992K, used 15786K [0x0000000084200000, 0x0000000089500000, 0x00000000d6b80000)
  object space 84992K, 18% used [0x0000000084200000,0x000000008516a858,0x0000000089500000)
 Metaspace       used 13163K, capacity 13260K, committed 13440K, reserved 1060864K
  class space    used 1347K, capacity 1369K, committed 1408K, reserved 1048576K
Event: 8,737 GC heap after
Heap after GC invocations=6 (full 0):
 PSYoungGen      total 137728K, used 17386K [0x00000000d6b80000, 0x00000000e1680000, 0x0000000100000000)
  eden space 120320K, 0% used [0x00000000d6b80000,0x00000000d6b80000,0x00000000de100000)
  from space 17408K, 99% used [0x00000000df880000,0x00000000e097abd8,0x00000000e0980000)
  to   space 24064K, 0% used [0x00000000de100000,0x00000000de100000,0x00000000df880000)
 ParOldGen       total 84992K, used 20834K [0x0000000084200000, 0x0000000089500000, 0x00000000d6b80000)
  object space 84992K, 24% used [0x0000000084200000,0x0000000085658858,0x0000000089500000)
 Metaspace       used 13163K, capacity 13260K, committed 13440K, reserved 1060864K
  class space    used 1347K, capacity 1369K, committed 1408K, reserved 1048576K
}
Event: 9,845 GC heap before
{Heap before GC invocations=7 (full 0):
 PSYoungGen      total 137728K, used 137706K [0x00000000d6b80000, 0x00000000e1680000, 0x0000000100000000)
  eden space 120320K, 100% used [0x00000000d6b80000,0x00000000de100000,0x00000000de100000)
  from space 17408K, 99% used [0x00000000df880000,0x00000000e097abd8,0x00000000e0980000)
  to   space 24064K, 0% used [0x00000000de100000,0x00000000de100000,0x00000000df880000)
 ParOldGen       total 84992K, used 20834K [0x0000000084200000, 0x0000000089500000, 0x00000000d6b80000)
  object space 84992K, 24% used [0x0000000084200000,0x0000000085658858,0x0000000089500000)
 Metaspace       used 13227K, capacity 13324K, committed 13440K, reserved 1060864K
  class space    used 1347K, capacity 1369K, committed 1408K, reserved 1048576K

