# JRE version: Java(TM) SE Runtime Environment (8.0_60-b27) (build 1.8.0_60-b27)
# Java VM: Java HotSpot(TM) 64-Bit Server VM (25.60-b23 mixed mode linux-amd64 compressed oops)
Heap:
 PSYoungGen      total 281600K, used 4059K [0x00000000d6b80000, 0x00000000f1980000, 0x0000000100000000)
  eden space 234496K, 0% used [0x00000000d6b80000,0x00000000d6b80000,0x00000000e5080000)
  from space 47104K, 8% used [0x00000000e5080000,0x00000000e5476c28,0x00000000e7e80000)
  to   space 77824K, 0% used [0x00000000ecd80000,0x00000000ecd80000,0x00000000f1980000)
 ParOldGen       total 139776K, used 139288K [0x0000000084200000, 0x000000008ca80000, 0x00000000d6b80000)
  object space 139776K, 99% used [0x0000000084200000,0x000000008ca060f8,0x000000008ca80000)
 Metaspace       used 13195K, capacity 13332K, committed 13440K, reserved 1060864K
  class space    used 1347K, capacity 1369K, committed 1408K, reserved 1048576K
GC Heap History (10 events):
Event: 11,601 GC heap after
Heap after GC invocations=4 (full 0):
 PSYoungGen      total 132096K, used 5096K [0x00000000d6b80000, 0x00000000df180000, 0x0000000100000000)
  eden space 126976K, 0% used [0x00000000d6b80000,0x00000000d6b80000,0x00000000de780000)
  from space 5120K, 99% used [0x00000000dec80000,0x00000000df17a100,0x00000000df180000)
  to   space 5120K, 0% used [0x00000000de780000,0x00000000de780000,0x00000000dec80000)
 ParOldGen       total 84992K, used 18972K [0x0000000084200000, 0x0000000089500000, 0x00000000d6b80000)
  object space 84992K, 22% used [0x0000000084200000,0x0000000085487338,0x0000000089500000)
 Metaspace       used 12880K, capacity 13012K, committed 13184K, reserved 1060864K
  class space    used 1347K, capacity 1369K, committed 1408K, reserved 1048576K
}
Event: 15,052 GC heap before
{Heap before GC invocations=5 (full 0):
 PSYoungGen      total 132096K, used 132072K [0x00000000d6b80000, 0x00000000df180000, 0x0000000100000000)
  eden space 126976K, 100% used [0x00000000d6b80000,0x00000000de780000,0x00000000de780000)
  from space 5120K, 99% used [0x00000000dec80000,0x00000000df17a100,0x00000000df180000)
  to   space 5120K, 0% used [0x00000000de780000,0x00000000de780000,0x00000000dec80000)
 ParOldGen       total 84992K, used 18972K [0x0000000084200000, 0x0000000089500000, 0x00000000d6b80000)
  object space 84992K, 22% used [0x0000000084200000,0x0000000085487338,0x0000000089500000)
 Metaspace       used 13167K, capacity 13268K, committed 13440K, reserved 1060864K
  class space    used 1347K, capacity 1369K, committed 1408K, reserved 1048576K
Event: 15,225 GC heap after
Heap after GC invocations=5 (full 0):
 PSYoungGen      total 132096K, used 5112K [0x00000000d6b80000, 0x00000000eb080000, 0x0000000100000000)
  eden space 126976K, 0% used [0x00000000d6b80000,0x00000000d6b80000,0x00000000de780000)
  from space 5120K, 99% used [0x00000000de780000,0x00000000dec7e0f0,0x00000000dec80000)
  to   space 39424K, 0% used [0x00000000e8a00000,0x00000000e8a00000,0x00000000eb080000)
 ParOldGen       total 84992K, used 53364K [0x0000000084200000, 0x0000000089500000, 0x00000000d6b80000)
  object space 84992K, 62% used [0x0000000084200000,0x000000008761d378,0x0000000089500000)
 Metaspace       used 13167K, capacity 13268K, committed 13440K, reserved 1060864K
  class space    used 1347K, capacity 1369K, committed 1408K, reserved 1048576K
}
Event: 15,226 GC heap before
{Heap before GC invocations=6 (full 1):
 PSYoungGen      total 132096K, used 5112K [0x00000000d6b80000, 0x00000000eb080000, 0x0000000100000000)
  eden space 126976K, 0% used [0x00000000d6b80000,0x00000000d6b80000,0x00000000de780000)
  from space 5120K, 99% used [0x00000000de780000,0x00000000dec7e0f0,0x00000000dec80000)
  to   space 39424K, 0% used [0x00000000e8a00000,0x00000000e8a00000,0x00000000eb080000)
 ParOldGen       total 84992K, used 53364K [0x0000000084200000, 0x0000000089500000, 0x00000000d6b80000)
  object space 84992K, 62% used [0x0000000084200000,0x000000008761d378,0x0000000089500000)
 Metaspace       used 13167K, capacity 13268K, committed 13440K, reserved 1060864K
  class space    used 1347K, capacity 1369K, committed 1408K, reserved 1048576K
Event: 16,400 GC heap after
Heap after GC invocations=6 (full 1):
 PSYoungGen      total 132096K, used 0K [0x00000000d6b80000, 0x00000000eb080000, 0x0000000100000000)
  eden space 126976K, 0% used [0x00000000d6b80000,0x00000000d6b80000,0x00000000de780000)
  from space 5120K, 0% used [0x00000000de780000,0x00000000de780000,0x00000000dec80000)
  to   space 39424K, 0% used [0x00000000e8a00000,0x00000000e8a00000,0x00000000eb080000)
 ParOldGen       total 139776K, used 56612K [0x0000000084200000, 0x000000008ca80000, 0x00000000d6b80000)
  object space 139776K, 40% used [0x0000000084200000,0x00000000879492c8,0x000000008ca80000)
 Metaspace       used 13167K, capacity 13268K, committed 13440K, reserved 1060864K
  class space    used 1347K, capacity 1369K, committed 1408K, reserved 1048576K
}
Event: 17,633 GC heap before
{Heap before GC invocations=7 (full 1):
 PSYoungGen      total 132096K, used 126976K [0x00000000d6b80000, 0x00000000eb080000, 0x0000000100000000)
  eden space 126976K, 100% used [0x00000000d6b80000,0x00000000de780000,0x00000000de780000)
  from space 5120K, 0% used [0x00000000de780000,0x00000000de780000,0x00000000dec80000)
  to   space 39424K, 0% used [0x00000000e8a00000,0x00000000e8a00000,0x00000000eb080000)
 ParOldGen       total 139776K, used 56612K [0x0000000084200000, 0x000000008ca80000, 0x00000000d6b80000)
  object space 139776K, 40% used [0x0000000084200000,0x00000000879492c8,0x000000008ca80000)
 Metaspace       used 13195K, capacity 13332K, committed 13440K, reserved 1060864K
  class space    used 1347K, capacity 1369K, committed 1408K, reserved 1048576K
Event: 17,821 GC heap after
Heap after GC invocations=7 (full 1):
 PSYoungGen      total 219648K, used 35328K [0x00000000d6b80000, 0x00000000eac80000, 0x0000000100000000)
  eden space 184320K, 0% used [0x00000000d6b80000,0x00000000d6b80000,0x00000000e1f80000)
  from space 35328K, 100% used [0x00000000e8a00000,0x00000000eac80000,0x00000000eac80000)
  to   space 47104K, 0% used [0x00000000e5080000,0x00000000e5080000,0x00000000e7e80000)
 ParOldGen       total 139776K, used 56620K [0x0000000084200000, 0x000000008ca80000, 0x00000000d6b80000)
  object space 139776K, 40% used [0x0000000084200000,0x000000008794b2c8,0x000000008ca80000)
 Metaspace       used 13195K, capacity 13332K, committed 13440K, reserved 1060864K
  class space    used 1347K, capacity 1369K, committed 1408K, reserved 1048576K
}
Event: 19,717 GC heap before
{Heap before GC invocations=8 (full 1):
 PSYoungGen      total 219648K, used 219648K [0x00000000d6b80000, 0x00000000eac80000, 0x0000000100000000)
  eden space 184320K, 100% used [0x00000000d6b80000,0x00000000e1f80000,0x00000000e1f80000)
  from space 35328K, 100% used [0x00000000e8a00000,0x00000000eac80000,0x00000000eac80000)
  to   space 47104K, 0% used [0x00000000e5080000,0x00000000e5080000,0x00000000e7e80000)
 ParOldGen       total 139776K, used 56620K [0x0000000084200000, 0x000000008ca80000, 0x00000000d6b80000)
  object space 139776K, 40% used [0x0000000084200000,0x000000008794b2c8,0x000000008ca80000)
 Metaspace       used 13195K, capacity 13332K, committed 13440K, reserved 1060864K
  class space    used 1347K, capacity 1369K, committed 1408K, reserved 1048576K
Event: 20,103 GC heap after
Heap after GC invocations=8 (full 1):
 PSYoungGen      total 281600K, used 47072K [0x00000000d6b80000, 0x00000000f1980000, 0x0000000100000000)
  eden space 234496K, 0% used [0x00000000d6b80000,0x00000000d6b80000,0x00000000e5080000)
  from space 47104K, 99% used [0x00000000e5080000,0x00000000e7e78020,0x00000000e7e80000)
  to   space 77824K, 0% used [0x00000000ecd80000,0x00000000ecd80000,0x00000000f1980000)
 ParOldGen       total 139776K, used 96836K [0x0000000084200000, 0x000000008ca80000, 0x00000000d6b80000)
  object space 139776K, 69% used [0x0000000084200000,0x000000008a0912c8,0x000000008ca80000)
 Metaspace       used 13195K, capacity 13332K, committed 13440K, reserved 1060864K
  class space    used 1347K, capacity 1369K, committed 1408K, reserved 1048576K
}
Event: 20,108 GC heap before
{Heap before GC invocations=9 (full 2):
 PSYoungGen      total 281600K, used 47072K [0x00000000d6b80000, 0x00000000f1980000, 0x0000000100000000)
  eden space 234496K, 0% used [0x00000000d6b80000,0x00000000d6b80000,0x00000000e5080000)
  from space 47104K, 99% used [0x00000000e5080000,0x00000000e7e78020,0x00000000e7e80000)
  to   space 77824K, 0% used [0x00000000ecd80000,0x00000000ecd80000,0x00000000f1980000)
 ParOldGen       total 139776K, used 96836K [0x0000000084200000, 0x000000008ca80000, 0x00000000d6b80000)
  object space 139776K, 69% used [0x0000000084200000,0x000000008a0912c8,0x000000008ca80000)
 Metaspace       used 13195K, capacity 13332K, committed 13440K, reserved 1060864K
  class space    used 1347K, capacity 1369K, committed 1408K, reserved 1048576K

