# JRE version: Java(TM) SE Runtime Environment (8.0_60-b27) (build 1.8.0_60-b27)
# Java VM: Java HotSpot(TM) 64-Bit Server VM (25.60-b23 mixed mode linux-amd64 compressed oops)
Heap:
 PSYoungGen      total 388096K, used 162033K [0x00000000d6b80000, 0x0000000100000000, 0x0000000100000000)
  eden space 225792K, 0% used [0x00000000d6b80000,0x00000000d6b80000,0x00000000e4800000)
  from space 162304K, 99% used [0x00000000f6180000,0x00000000fffbc490,0x0000000100000000)
  to   space 225280K, 0% used [0x00000000e4800000,0x00000000e4800000,0x00000000f2400000)
 ParOldGen       total 1096704K, used 1083903K [0x0000000084200000, 0x00000000c7100000, 0x00000000d6b80000)
  object space 1096704K, 98% used [0x0000000084200000,0x00000000c647fc58,0x00000000c7100000)
 Metaspace       used 13780K, capacity 13894K, committed 13952K, reserved 1062912K
  class space    used 1354K, capacity 1404K, committed 1408K, reserved 1048576K
GC Heap History (10 events):
Event: 44,731 GC heap after
Heap after GC invocations=14 (full 3):
 PSYoungGen      total 500224K, used 466421K [0x00000000d6b80000, 0x0000000100000000, 0x0000000100000000)
  eden space 351744K, 100% used [0x00000000d6b80000,0x00000000ec300000,0x00000000ec300000)
  from space 148480K, 77% used [0x00000000f6780000,0x00000000fd77d618,0x00000000ff880000)
  to   space 162304K, 99% used [0x00000000ec300000,0x00000000f617f688,0x00000000f6180000)
 ParOldGen       total 570880K, used 568357K [0x0000000084200000, 0x00000000a6f80000, 0x00000000d6b80000)
  object space 570880K, 99% used [0x0000000084200000,0x00000000a6d09780,0x00000000a6f80000)
 Metaspace       used 13780K, capacity 13894K, committed 13952K, reserved 1062912K
  class space    used 1354K, capacity 1404K, committed 1408K, reserved 1048576K
}
Event: 44,732 GC heap before
{Heap before GC invocations=15 (full 4):
 PSYoungGen      total 500224K, used 466421K [0x00000000d6b80000, 0x0000000100000000, 0x0000000100000000)
  eden space 351744K, 100% used [0x00000000d6b80000,0x00000000ec300000,0x00000000ec300000)
  from space 148480K, 77% used [0x00000000f6780000,0x00000000fd77d618,0x00000000ff880000)
  to   space 162304K, 99% used [0x00000000ec300000,0x00000000f617f688,0x00000000f6180000)
 ParOldGen       total 570880K, used 568357K [0x0000000084200000, 0x00000000a6f80000, 0x00000000d6b80000)
  object space 570880K, 99% used [0x0000000084200000,0x00000000a6d09780,0x00000000a6f80000)
 Metaspace       used 13780K, capacity 13894K, committed 13952K, reserved 1062912K
  class space    used 1354K, capacity 1404K, committed 1408K, reserved 1048576K
Event: 55,098 GC heap after
Heap after GC invocations=15 (full 4):
 PSYoungGen      total 500224K, used 171177K [0x00000000d6b80000, 0x0000000100000000, 0x0000000100000000)
  eden space 351744K, 48% used [0x00000000d6b80000,0x00000000e12aa448,0x00000000ec300000)
  from space 148480K, 0% used [0x00000000f6780000,0x00000000f6780000,0x00000000ff880000)
  to   space 162304K, 0% used [0x00000000ec300000,0x00000000ec300000,0x00000000f6180000)
 ParOldGen       total 791040K, used 570846K [0x0000000084200000, 0x00000000b4680000, 0x00000000d6b80000)
  object space 791040K, 72% used [0x0000000084200000,0x00000000a6f77b28,0x00000000b4680000)
 Metaspace       used 13780K, capacity 13894K, committed 13952K, reserved 1062912K
  class space    used 1354K, capacity 1404K, committed 1408K, reserved 1048576K
}
Event: 55,902 GC heap before
{Heap before GC invocations=16 (full 4):
 PSYoungGen      total 500224K, used 351744K [0x00000000d6b80000, 0x0000000100000000, 0x0000000100000000)
  eden space 351744K, 100% used [0x00000000d6b80000,0x00000000ec300000,0x00000000ec300000)
  from space 148480K, 0% used [0x00000000f6780000,0x00000000f6780000,0x00000000ff880000)
  to   space 162304K, 0% used [0x00000000ec300000,0x00000000ec300000,0x00000000f6180000)
 ParOldGen       total 791040K, used 570846K [0x0000000084200000, 0x00000000b4680000, 0x00000000d6b80000)
  object space 791040K, 72% used [0x0000000084200000,0x00000000a6f77b28,0x00000000b4680000)
 Metaspace       used 13780K, capacity 13894K, committed 13952K, reserved 1062912K
  class space    used 1354K, capacity 1404K, committed 1408K, reserved 1048576K
Event: 57,358 GC heap after
Heap after GC invocations=16 (full 4):
 PSYoungGen      total 514048K, used 162290K [0x00000000d6b80000, 0x0000000100000000, 0x0000000100000000)
  eden space 351744K, 0% used [0x00000000d6b80000,0x00000000d6b80000,0x00000000ec300000)
  from space 162304K, 99% used [0x00000000ec300000,0x00000000f617c800,0x00000000f6180000)
  to   space 162304K, 0% used [0x00000000f6180000,0x00000000f6180000,0x0000000100000000)
 ParOldGen       total 791040K, used 743366K [0x0000000084200000, 0x00000000b4680000, 0x00000000d6b80000)
  object space 791040K, 93% used [0x0000000084200000,0x00000000b17f1b28,0x00000000b4680000)
 Metaspace       used 13780K, capacity 13894K, committed 13952K, reserved 1062912K
  class space    used 1354K, capacity 1404K, committed 1408K, reserved 1048576K
}
Event: 57,358 GC heap before
{Heap before GC invocations=17 (full 5):
 PSYoungGen      total 514048K, used 162290K [0x00000000d6b80000, 0x0000000100000000, 0x0000000100000000)
  eden space 351744K, 0% used [0x00000000d6b80000,0x00000000d6b80000,0x00000000ec300000)
  from space 162304K, 99% used [0x00000000ec300000,0x00000000f617c800,0x00000000f6180000)
  to   space 162304K, 0% used [0x00000000f6180000,0x00000000f6180000,0x0000000100000000)
 ParOldGen       total 791040K, used 743366K [0x0000000084200000, 0x00000000b4680000, 0x00000000d6b80000)
  object space 791040K, 93% used [0x0000000084200000,0x00000000b17f1b28,0x00000000b4680000)
 Metaspace       used 13780K, capacity 13894K, committed 13952K, reserved 1062912K
  class space    used 1354K, capacity 1404K, committed 1408K, reserved 1048576K
Event: 81,229 GC heap after
Heap after GC invocations=17 (full 5):
 PSYoungGen      total 514048K, used 124211K [0x00000000d6b80000, 0x0000000100000000, 0x0000000100000000)
  eden space 351744K, 0% used [0x00000000d6b80000,0x00000000d6b80000,0x00000000ec300000)
  from space 162304K, 76% used [0x00000000ec300000,0x00000000f3c4cd28,0x00000000f6180000)
  to   space 162304K, 0% used [0x00000000f6180000,0x00000000f6180000,0x0000000100000000)
 ParOldGen       total 1096704K, used 780669K [0x0000000084200000, 0x00000000c7100000, 0x00000000d6b80000)
  object space 1096704K, 71% used [0x0000000084200000,0x00000000b3c5f440,0x00000000c7100000)
 Metaspace       used 13780K, capacity 13894K, committed 13952K, reserved 1062912K
  class space    used 1354K, capacity 1404K, committed 1408K, reserved 1048576K
}
Event: 82,621 GC heap before
{Heap before GC invocations=18 (full 5):
 PSYoungGen      total 514048K, used 475955K [0x00000000d6b80000, 0x0000000100000000, 0x0000000100000000)
  eden space 351744K, 100% used [0x00000000d6b80000,0x00000000ec300000,0x00000000ec300000)
  from space 162304K, 76% used [0x00000000ec300000,0x00000000f3c4cd28,0x00000000f6180000)
  to   space 162304K, 0% used [0x00000000f6180000,0x00000000f6180000,0x0000000100000000)
 ParOldGen       total 1096704K, used 780669K [0x0000000084200000, 0x00000000c7100000, 0x00000000d6b80000)
  object space 1096704K, 71% used [0x0000000084200000,0x00000000b3c5f440,0x00000000c7100000)
 Metaspace       used 13780K, capacity 13894K, committed 13952K, reserved 1062912K
  class space    used 1354K, capacity 1404K, committed 1408K, reserved 1048576K
Event: 84,586 GC heap after
Heap after GC invocations=18 (full 5):
 PSYoungGen      total 388096K, used 162296K [0x00000000d6b80000, 0x0000000100000000, 0x0000000100000000)
  eden space 225792K, 0% used [0x00000000d6b80000,0x00000000d6b80000,0x00000000e4800000)
  from space 162304K, 99% used [0x00000000f6180000,0x00000000ffffe200,0x0000000100000000)
  to   space 225280K, 0% used [0x00000000e4800000,0x00000000e4800000,0x00000000f2400000)
 ParOldGen       total 1096704K, used 1084729K [0x0000000084200000, 0x00000000c7100000, 0x00000000d6b80000)
  object space 1096704K, 98% used [0x0000000084200000,0x00000000c654e6b8,0x00000000c7100000)
 Metaspace       used 13780K, capacity 13894K, committed 13952K, reserved 1062912K
  class space    used 1354K, capacity 1404K, committed 1408K, reserved 1048576K
}
Event: 84,586 GC heap before
{Heap before GC invocations=19 (full 6):
 PSYoungGen      total 388096K, used 162296K [0x00000000d6b80000, 0x0000000100000000, 0x0000000100000000)
  eden space 225792K, 0% used [0x00000000d6b80000,0x00000000d6b80000,0x00000000e4800000)
  from space 162304K, 99% used [0x00000000f6180000,0x00000000ffffe200,0x0000000100000000)
  to   space 225280K, 0% used [0x00000000e4800000,0x00000000e4800000,0x00000000f2400000)
 ParOldGen       total 1096704K, used 1084729K [0x0000000084200000, 0x00000000c7100000, 0x00000000d6b80000)
  object space 1096704K, 98% used [0x0000000084200000,0x00000000c654e6b8,0x00000000c7100000)
 Metaspace       used 13780K, capacity 13894K, committed 13952K, reserved 1062912K
  class space    used 1354K, capacity 1404K, committed 1408K, reserved 1048576K

