# JRE version: Java(TM) SE Runtime Environment (8.0_60-b27) (build 1.8.0_60-b27)
# Java VM: Java HotSpot(TM) 64-Bit Server VM (25.60-b23 mixed mode linux-amd64 compressed oops)
Heap:
 PSYoungGen      total 404992K, used 80811K [0x00000000d6b80000, 0x0000000100000000, 0x0000000100000000)
  eden space 274944K, 0% used [0x00000000d6b80000,0x00000000d6b80000,0x00000000e7800000)
  from space 130048K, 62% used [0x00000000f8100000,0x00000000fcfeae90,0x0000000100000000)
  to   space 200704K, 0% used [0x00000000e7800000,0x00000000e7800000,0x00000000f3c00000)
 ParOldGen       total 328704K, used 328545K [0x0000000084200000, 0x0000000098300000, 0x00000000d6b80000)
  object space 328704K, 99% used [0x0000000084200000,0x00000000982d8570,0x0000000098300000)
 Metaspace       used 13281K, capacity 13426K, committed 13440K, reserved 1060864K
  class space    used 1353K, capacity 1402K, committed 1408K, reserved 1048576K
GC Heap History (10 events):
Event: 4,790 GC heap after
Heap after GC invocations=8 (full 1):
 PSYoungGen      total 292352K, used 47463K [0x00000000d6b80000, 0x00000000ff580000, 0x0000000100000000)
  eden space 243200K, 0% used [0x00000000d6b80000,0x00000000d6b80000,0x00000000e5900000)
  from space 49152K, 96% used [0x00000000e5900000,0x00000000e8759fe8,0x00000000e8900000)
  to   space 89600K, 0% used [0x00000000f9e00000,0x00000000f9e00000,0x00000000ff580000)
 ParOldGen       total 210944K, used 111579K [0x0000000084200000, 0x0000000091000000, 0x00000000d6b80000)
  object space 210944K, 52% used [0x0000000084200000,0x000000008aef6d38,0x0000000091000000)
 Metaspace       used 13216K, capacity 13330K, committed 13440K, reserved 1060864K
  class space    used 1343K, capacity 1370K, committed 1408K, reserved 1048576K
}
Event: 5,730 GC heap before
{Heap before GC invocations=9 (full 1):
 PSYoungGen      total 292352K, used 290125K [0x00000000d6b80000, 0x00000000ff580000, 0x0000000100000000)
  eden space 243200K, 99% used [0x00000000d6b80000,0x00000000e5879778,0x00000000e5900000)
  from space 49152K, 96% used [0x00000000e5900000,0x00000000e8759fe8,0x00000000e8900000)
  to   space 89600K, 0% used [0x00000000f9e00000,0x00000000f9e00000,0x00000000ff580000)
 ParOldGen       total 210944K, used 111579K [0x0000000084200000, 0x0000000091000000, 0x00000000d6b80000)
  object space 210944K, 52% used [0x0000000084200000,0x000000008aef6d38,0x0000000091000000)
 Metaspace       used 13236K, capacity 13330K, committed 13440K, reserved 1060864K
  class space    used 1344K, capacity 1370K, committed 1408K, reserved 1048576K
Event: 6,052 GC heap after
Heap after GC invocations=9 (full 1):
 PSYoungGen      total 465408K, used 89596K [0x00000000d6b80000, 0x00000000ff580000, 0x0000000100000000)
  eden space 375808K, 0% used [0x00000000d6b80000,0x00000000d6b80000,0x00000000eda80000)
  from space 89600K, 99% used [0x00000000f9e00000,0x00000000ff57f1c8,0x00000000ff580000)
  to   space 119296K, 0% used [0x00000000f0c80000,0x00000000f0c80000,0x00000000f8100000)
 ParOldGen       total 210944K, used 138003K [0x0000000084200000, 0x0000000091000000, 0x00000000d6b80000)
  object space 210944K, 65% used [0x0000000084200000,0x000000008c8c4de8,0x0000000091000000)
 Metaspace       used 13236K, capacity 13330K, committed 13440K, reserved 1060864K
  class space    used 1344K, capacity 1370K, committed 1408K, reserved 1048576K
}
Event: 6,907 GC heap before
{Heap before GC invocations=10 (full 1):
 PSYoungGen      total 465408K, used 465404K [0x00000000d6b80000, 0x00000000ff580000, 0x0000000100000000)
  eden space 375808K, 100% used [0x00000000d6b80000,0x00000000eda80000,0x00000000eda80000)
  from space 89600K, 99% used [0x00000000f9e00000,0x00000000ff57f1c8,0x00000000ff580000)
  to   space 119296K, 0% used [0x00000000f0c80000,0x00000000f0c80000,0x00000000f8100000)
 ParOldGen       total 210944K, used 138003K [0x0000000084200000, 0x0000000091000000, 0x00000000d6b80000)
  object space 210944K, 65% used [0x0000000084200000,0x000000008c8c4de8,0x0000000091000000)
 Metaspace       used 13281K, capacity 13426K, committed 13440K, reserved 1060864K
  class space    used 1353K, capacity 1402K, committed 1408K, reserved 1048576K
Event: 7,488 GC heap after
Heap after GC invocations=10 (full 1):
 PSYoungGen      total 546304K, used 119274K [0x00000000d6b80000, 0x0000000100000000, 0x0000000100000000)
  eden space 427008K, 0% used [0x00000000d6b80000,0x00000000d6b80000,0x00000000f0c80000)
  from space 119296K, 99% used [0x00000000f0c80000,0x00000000f80faaf0,0x00000000f8100000)
  to   space 130048K, 0% used [0x00000000f8100000,0x00000000f8100000,0x0000000100000000)
 ParOldGen       total 210944K, used 172571K [0x0000000084200000, 0x0000000091000000, 0x00000000d6b80000)
  object space 210944K, 81% used [0x0000000084200000,0x000000008ea86de8,0x0000000091000000)
 Metaspace       used 13281K, capacity 13426K, committed 13440K, reserved 1060864K
  class space    used 1353K, capacity 1402K, committed 1408K, reserved 1048576K
}
Event: 7,488 GC heap before
{Heap before GC invocations=11 (full 2):
 PSYoungGen      total 546304K, used 119274K [0x00000000d6b80000, 0x0000000100000000, 0x0000000100000000)
  eden space 427008K, 0% used [0x00000000d6b80000,0x00000000d6b80000,0x00000000f0c80000)
  from space 119296K, 99% used [0x00000000f0c80000,0x00000000f80faaf0,0x00000000f8100000)
  to   space 130048K, 0% used [0x00000000f8100000,0x00000000f8100000,0x0000000100000000)
 ParOldGen       total 210944K, used 172571K [0x0000000084200000, 0x0000000091000000, 0x00000000d6b80000)
  object space 210944K, 81% used [0x0000000084200000,0x000000008ea86de8,0x0000000091000000)
 Metaspace       used 13281K, capacity 13426K, committed 13440K, reserved 1060864K
  class space    used 1353K, capacity 1402K, committed 1408K, reserved 1048576K
Event: 7,857 GC heap after
Heap after GC invocations=11 (full 2):
 PSYoungGen      total 546304K, used 78723K [0x00000000d6b80000, 0x0000000100000000, 0x0000000100000000)
  eden space 427008K, 0% used [0x00000000d6b80000,0x00000000d6b80000,0x00000000f0c80000)
  from space 119296K, 65% used [0x00000000f0c80000,0x00000000f5960f88,0x00000000f8100000)
  to   space 130048K, 0% used [0x00000000f8100000,0x00000000f8100000,0x0000000100000000)
 ParOldGen       total 328704K, used 208775K [0x0000000084200000, 0x0000000098300000, 0x00000000d6b80000)
  object space 328704K, 63% used [0x0000000084200000,0x0000000090de1fa0,0x0000000098300000)
 Metaspace       used 13281K, capacity 13426K, committed 13440K, reserved 1060864K
  class space    used 1353K, capacity 1402K, committed 1408K, reserved 1048576K
}
Event: 8,365 GC heap before
{Heap before GC invocations=12 (full 2):
 PSYoungGen      total 546304K, used 505731K [0x00000000d6b80000, 0x0000000100000000, 0x0000000100000000)
  eden space 427008K, 100% used [0x00000000d6b80000,0x00000000f0c80000,0x00000000f0c80000)
  from space 119296K, 65% used [0x00000000f0c80000,0x00000000f5960f88,0x00000000f8100000)
  to   space 130048K, 0% used [0x00000000f8100000,0x00000000f8100000,0x0000000100000000)
 ParOldGen       total 328704K, used 208775K [0x0000000084200000, 0x0000000098300000, 0x00000000d6b80000)
  object space 328704K, 63% used [0x0000000084200000,0x0000000090de1fa0,0x0000000098300000)
 Metaspace       used 13281K, capacity 13426K, committed 13440K, reserved 1060864K
  class space    used 1353K, capacity 1402K, committed 1408K, reserved 1048576K
Event: 8,820 GC heap after
Heap after GC invocations=12 (full 2):
 PSYoungGen      total 404992K, used 130047K [0x00000000d6b80000, 0x0000000100000000, 0x0000000100000000)
  eden space 274944K, 0% used [0x00000000d6b80000,0x00000000d6b80000,0x00000000e7800000)
  from space 130048K, 99% used [0x00000000f8100000,0x00000000fffffc88,0x0000000100000000)
  to   space 200704K, 0% used [0x00000000e7800000,0x00000000e7800000,0x00000000f3c00000)
 ParOldGen       total 328704K, used 279959K [0x0000000084200000, 0x0000000098300000, 0x00000000d6b80000)
  object space 328704K, 85% used [0x0000000084200000,0x0000000095365fa0,0x0000000098300000)
 Metaspace       used 13281K, capacity 13426K, committed 13440K, reserved 1060864K
  class space    used 1353K, capacity 1402K, committed 1408K, reserved 1048576K
}
Event: 8,820 GC heap before
{Heap before GC invocations=13 (full 3):
 PSYoungGen      total 404992K, used 130047K [0x00000000d6b80000, 0x0000000100000000, 0x0000000100000000)
  eden space 274944K, 0% used [0x00000000d6b80000,0x00000000d6b80000,0x00000000e7800000)
  from space 130048K, 99% used [0x00000000f8100000,0x00000000fffffc88,0x0000000100000000)
  to   space 200704K, 0% used [0x00000000e7800000,0x00000000e7800000,0x00000000f3c00000)
 ParOldGen       total 328704K, used 279959K [0x0000000084200000, 0x0000000098300000, 0x00000000d6b80000)
  object space 328704K, 85% used [0x0000000084200000,0x0000000095365fa0,0x0000000098300000)
 Metaspace       used 13281K, capacity 13426K, committed 13440K, reserved 1060864K
  class space    used 1353K, capacity 1402K, committed 1408K, reserved 1048576K

