# JRE version: Java(TM) SE Runtime Environment (8.0_60-b27) (build 1.8.0_60-b27)
# Java VM: Java HotSpot(TM) 64-Bit Server VM (25.60-b23 mixed mode linux-amd64 compressed oops)
Heap:
 PSYoungGen      total 345600K, used 50085K [0x00000000d6b80000, 0x00000000f5580000, 0x0000000100000000)
  eden space 266240K, 0% used [0x00000000d6b80000,0x00000000d6b80000,0x00000000e6f80000)
  from space 79360K, 63% used [0x00000000ed300000,0x00000000f03e9798,0x00000000f2080000)
  to   space 101888K, 0% used [0x00000000e6f80000,0x00000000e6f80000,0x00000000ed300000)
 ParOldGen       total 157184K, used 156997K [0x0000000084200000, 0x000000008db80000, 0x00000000d6b80000)
  object space 157184K, 99% used [0x0000000084200000,0x000000008db51678,0x000000008db80000)
 Metaspace       used 13220K, capacity 13324K, committed 13440K, reserved 1060864K
  class space    used 1348K, capacity 1369K, committed 1408K, reserved 1048576K
GC Heap History (10 events):
Event: 4,860 GC heap after
Heap after GC invocations=7 (full 0):
 PSYoungGen      total 145408K, used 25056K [0x00000000d6b80000, 0x00000000eab80000, 0x0000000100000000)
  eden space 120320K, 0% used [0x00000000d6b80000,0x00000000d6b80000,0x00000000de100000)
  from space 25088K, 99% used [0x00000000de100000,0x00000000df9781c0,0x00000000df980000)
  to   space 43520K, 0% used [0x00000000e8100000,0x00000000e8100000,0x00000000eab80000)
 ParOldGen       total 84992K, used 48920K [0x0000000084200000, 0x0000000089500000, 0x00000000d6b80000)
  object space 84992K, 57% used [0x0000000084200000,0x00000000871c6280,0x0000000089500000)
 Metaspace       used 13171K, capacity 13260K, committed 13440K, reserved 1060864K
  class space    used 1342K, capacity 1369K, committed 1408K, reserved 1048576K
}
Event: 5,319 GC heap before
{Heap before GC invocations=8 (full 0):
 PSYoungGen      total 145408K, used 145376K [0x00000000d6b80000, 0x00000000eab80000, 0x0000000100000000)
  eden space 120320K, 100% used [0x00000000d6b80000,0x00000000de100000,0x00000000de100000)
  from space 25088K, 99% used [0x00000000de100000,0x00000000df9781c0,0x00000000df980000)
  to   space 43520K, 0% used [0x00000000e8100000,0x00000000e8100000,0x00000000eab80000)
 ParOldGen       total 84992K, used 48920K [0x0000000084200000, 0x0000000089500000, 0x00000000d6b80000)
  object space 84992K, 57% used [0x0000000084200000,0x00000000871c6280,0x0000000089500000)
 Metaspace       used 13173K, capacity 13260K, committed 13440K, reserved 1060864K
  class space    used 1342K, capacity 1369K, committed 1408K, reserved 1048576K
Event: 5,410 GC heap after
Heap after GC invocations=8 (full 0):
 PSYoungGen      total 268800K, used 43496K [0x00000000d6b80000, 0x00000000ec980000, 0x0000000100000000)
  eden space 225280K, 0% used [0x00000000d6b80000,0x00000000d6b80000,0x00000000e4780000)
  from space 43520K, 99% used [0x00000000e8100000,0x00000000eab7a1d8,0x00000000eab80000)
  to   space 58880K, 0% used [0x00000000e4780000,0x00000000e4780000,0x00000000e8100000)
 ParOldGen       total 84992K, used 63686K [0x0000000084200000, 0x0000000089500000, 0x00000000d6b80000)
  object space 84992K, 74% used [0x0000000084200000,0x00000000880318b0,0x0000000089500000)
 Metaspace       used 13173K, capacity 13260K, committed 13440K, reserved 1060864K
  class space    used 1342K, capacity 1369K, committed 1408K, reserved 1048576K
}
Event: 5,410 GC heap before
{Heap before GC invocations=9 (full 1):
 PSYoungGen      total 268800K, used 43496K [0x00000000d6b80000, 0x00000000ec980000, 0x0000000100000000)
  eden space 225280K, 0% used [0x00000000d6b80000,0x00000000d6b80000,0x00000000e4780000)
  from space 43520K, 99% used [0x00000000e8100000,0x00000000eab7a1d8,0x00000000eab80000)
  to   space 58880K, 0% used [0x00000000e4780000,0x00000000e4780000,0x00000000e8100000)
 ParOldGen       total 84992K, used 63686K [0x0000000084200000, 0x0000000089500000, 0x00000000d6b80000)
  object space 84992K, 74% used [0x0000000084200000,0x00000000880318b0,0x0000000089500000)
 Metaspace       used 13173K, capacity 13260K, committed 13440K, reserved 1060864K
  class space    used 1342K, capacity 1369K, committed 1408K, reserved 1048576K
Event: 6,025 GC heap after
Heap after GC invocations=9 (full 1):
 PSYoungGen      total 268800K, used 20429K [0x00000000d6b80000, 0x00000000ec980000, 0x0000000100000000)
  eden space 225280K, 0% used [0x00000000d6b80000,0x00000000d6b80000,0x00000000e4780000)
  from space 43520K, 46% used [0x00000000e8100000,0x00000000e94f3508,0x00000000eab80000)
  to   space 58880K, 0% used [0x00000000e4780000,0x00000000e4780000,0x00000000e8100000)
 ParOldGen       total 157184K, used 84722K [0x0000000084200000, 0x000000008db80000, 0x00000000d6b80000)
  object space 157184K, 53% used [0x0000000084200000,0x00000000894bcac0,0x000000008db80000)
 Metaspace       used 13173K, capacity 13260K, committed 13440K, reserved 1060864K
  class space    used 1342K, capacity 1369K, committed 1408K, reserved 1048576K
}
Event: 7,040 GC heap before
{Heap before GC invocations=10 (full 1):
 PSYoungGen      total 268800K, used 245709K [0x00000000d6b80000, 0x00000000ec980000, 0x0000000100000000)
  eden space 225280K, 100% used [0x00000000d6b80000,0x00000000e4780000,0x00000000e4780000)
  from space 43520K, 46% used [0x00000000e8100000,0x00000000e94f3508,0x00000000eab80000)
  to   space 58880K, 0% used [0x00000000e4780000,0x00000000e4780000,0x00000000e8100000)
 ParOldGen       total 157184K, used 84722K [0x0000000084200000, 0x000000008db80000, 0x00000000d6b80000)
  object space 157184K, 53% used [0x0000000084200000,0x00000000894bcac0,0x000000008db80000)
 Metaspace       used 13193K, capacity 13324K, committed 13440K, reserved 1060864K
  class space    used 1347K, capacity 1369K, committed 1408K, reserved 1048576K
Event: 7,259 GC heap after
Heap after GC invocations=10 (full 1):
 PSYoungGen      total 284160K, used 58864K [0x00000000d6b80000, 0x00000000f2080000, 0x0000000100000000)
  eden space 225280K, 0% used [0x00000000d6b80000,0x00000000d6b80000,0x00000000e4780000)
  from space 58880K, 99% used [0x00000000e4780000,0x00000000e80fc010,0x00000000e8100000)
  to   space 79360K, 0% used [0x00000000ed300000,0x00000000ed300000,0x00000000f2080000)
 ParOldGen       total 157184K, used 108538K [0x0000000084200000, 0x000000008db80000, 0x00000000d6b80000)
  object space 157184K, 69% used [0x0000000084200000,0x000000008abfeac0,0x000000008db80000)
 Metaspace       used 13193K, capacity 13324K, committed 13440K, reserved 1060864K
  class space    used 1347K, capacity 1369K, committed 1408K, reserved 1048576K
}
Event: 8,025 GC heap before
{Heap before GC invocations=11 (full 1):
 PSYoungGen      total 284160K, used 284144K [0x00000000d6b80000, 0x00000000f2080000, 0x0000000100000000)
  eden space 225280K, 100% used [0x00000000d6b80000,0x00000000e4780000,0x00000000e4780000)
  from space 58880K, 99% used [0x00000000e4780000,0x00000000e80fc010,0x00000000e8100000)
  to   space 79360K, 0% used [0x00000000ed300000,0x00000000ed300000,0x00000000f2080000)
 ParOldGen       total 157184K, used 108538K [0x0000000084200000, 0x000000008db80000, 0x00000000d6b80000)
  object space 157184K, 69% used [0x0000000084200000,0x000000008abfeac0,0x000000008db80000)
 Metaspace       used 13220K, capacity 13324K, committed 13440K, reserved 1060864K
  class space    used 1348K, capacity 1369K, committed 1408K, reserved 1048576K
Event: 8,219 GC heap after
Heap after GC invocations=11 (full 1):
 PSYoungGen      total 345600K, used 79336K [0x00000000d6b80000, 0x00000000f5580000, 0x0000000100000000)
  eden space 266240K, 0% used [0x00000000d6b80000,0x00000000d6b80000,0x00000000e6f80000)
  from space 79360K, 99% used [0x00000000ed300000,0x00000000f207a1e8,0x00000000f2080000)
  to   space 101888K, 0% used [0x00000000e6f80000,0x00000000e6f80000,0x00000000ed300000)
 ParOldGen       total 157184K, used 131442K [0x0000000084200000, 0x000000008db80000, 0x00000000d6b80000)
  object space 157184K, 83% used [0x0000000084200000,0x000000008c25cac0,0x000000008db80000)
 Metaspace       used 13220K, capacity 13324K, committed 13440K, reserved 1060864K
  class space    used 1348K, capacity 1369K, committed 1408K, reserved 1048576K
}
Event: 8,220 GC heap before
{Heap before GC invocations=12 (full 2):
 PSYoungGen      total 345600K, used 79336K [0x00000000d6b80000, 0x00000000f5580000, 0x0000000100000000)
  eden space 266240K, 0% used [0x00000000d6b80000,0x00000000d6b80000,0x00000000e6f80000)
  from space 79360K, 99% used [0x00000000ed300000,0x00000000f207a1e8,0x00000000f2080000)
  to   space 101888K, 0% used [0x00000000e6f80000,0x00000000e6f80000,0x00000000ed300000)
 ParOldGen       total 157184K, used 131442K [0x0000000084200000, 0x000000008db80000, 0x00000000d6b80000)
  object space 157184K, 83% used [0x0000000084200000,0x000000008c25cac0,0x000000008db80000)
 Metaspace       used 13220K, capacity 13324K, committed 13440K, reserved 1060864K
  class space    used 1348K, capacity 1369K, committed 1408K, reserved 1048576K

