# JRE version: Java(TM) SE Runtime Environment (8.0_60-b27) (build 1.8.0_60-b27)
# Java VM: Java HotSpot(TM) 64-Bit Server VM (25.60-b23 mixed mode linux-amd64 compressed oops)
Heap:
 PSYoungGen      total 437760K, used 63353K [0x00000000d6b80000, 0x00000000ff300000, 0x0000000100000000)
  eden space 225792K, 0% used [0x00000000d6b80000,0x00000000d6b80000,0x00000000e4800000)
  from space 211968K, 29% used [0x00000000f2400000,0x00000000f61de728,0x00000000ff300000)
  to   space 218624K, 0% used [0x00000000e4800000,0x00000000e4800000,0x00000000f1d80000)
 ParOldGen       total 833024K, used 832904K [0x0000000084200000, 0x00000000b6f80000, 0x00000000d6b80000)
  object space 833024K, 99% used [0x0000000084200000,0x00000000b6f623e8,0x00000000b6f80000)
 Metaspace       used 13309K, capacity 13490K, committed 13696K, reserved 1060864K
  class space    used 1353K, capacity 1402K, committed 1408K, reserved 1048576K
GC Heap History (10 events):
Event: 17,212 GC heap after
Heap after GC invocations=19 (full 5):
 PSYoungGen      total 451072K, used 50342K [0x00000000d6b80000, 0x0000000100000000, 0x0000000100000000)
  eden space 225792K, 0% used [0x00000000d6b80000,0x00000000d6b80000,0x00000000e4800000)
  from space 225280K, 22% used [0x00000000f2400000,0x00000000f5529878,0x0000000100000000)
  to   space 225280K, 0% used [0x00000000e4800000,0x00000000e4800000,0x00000000f2400000)
 ParOldGen       total 824320K, used 584710K [0x0000000084200000, 0x00000000b6700000, 0x00000000d6b80000)
  object space 824320K, 70% used [0x0000000084200000,0x00000000a7d01bf8,0x00000000b6700000)
 Metaspace       used 13309K, capacity 13490K, committed 13696K, reserved 1060864K
  class space    used 1353K, capacity 1402K, committed 1408K, reserved 1048576K
}
Event: 17,501 GC heap before
{Heap before GC invocations=20 (full 5):
 PSYoungGen      total 451072K, used 276134K [0x00000000d6b80000, 0x0000000100000000, 0x0000000100000000)
  eden space 225792K, 100% used [0x00000000d6b80000,0x00000000e4800000,0x00000000e4800000)
  from space 225280K, 22% used [0x00000000f2400000,0x00000000f5529878,0x0000000100000000)
  to   space 225280K, 0% used [0x00000000e4800000,0x00000000e4800000,0x00000000f2400000)
 ParOldGen       total 824320K, used 584710K [0x0000000084200000, 0x00000000b6700000, 0x00000000d6b80000)
  object space 824320K, 70% used [0x0000000084200000,0x00000000a7d01bf8,0x00000000b6700000)
 Metaspace       used 13309K, capacity 13490K, committed 13696K, reserved 1060864K
  class space    used 1353K, capacity 1402K, committed 1408K, reserved 1048576K
Event: 17,789 GC heap after
Heap after GC invocations=20 (full 5):
 PSYoungGen      total 451072K, used 65824K [0x00000000d6b80000, 0x0000000100000000, 0x0000000100000000)
  eden space 225792K, 0% used [0x00000000d6b80000,0x00000000d6b80000,0x00000000e4800000)
  from space 225280K, 29% used [0x00000000e4800000,0x00000000e8848020,0x00000000f2400000)
  to   space 225280K, 0% used [0x00000000f2400000,0x00000000f2400000,0x0000000100000000)
 ParOldGen       total 824320K, used 635374K [0x0000000084200000, 0x00000000b6700000, 0x00000000d6b80000)
  object space 824320K, 77% used [0x0000000084200000,0x00000000aae7bbf8,0x00000000b6700000)
 Metaspace       used 13309K, capacity 13490K, committed 13696K, reserved 1060864K
  class space    used 1353K, capacity 1402K, committed 1408K, reserved 1048576K
}
Event: 18,052 GC heap before
{Heap before GC invocations=21 (full 5):
 PSYoungGen      total 451072K, used 291616K [0x00000000d6b80000, 0x0000000100000000, 0x0000000100000000)
  eden space 225792K, 100% used [0x00000000d6b80000,0x00000000e4800000,0x00000000e4800000)
  from space 225280K, 29% used [0x00000000e4800000,0x00000000e8848020,0x00000000f2400000)
  to   space 225280K, 0% used [0x00000000f2400000,0x00000000f2400000,0x0000000100000000)
 ParOldGen       total 824320K, used 635374K [0x0000000084200000, 0x00000000b6700000, 0x00000000d6b80000)
  object space 824320K, 77% used [0x0000000084200000,0x00000000aae7bbf8,0x00000000b6700000)
 Metaspace       used 13309K, capacity 13490K, committed 13696K, reserved 1060864K
  class space    used 1353K, capacity 1402K, committed 1408K, reserved 1048576K
Event: 18,235 GC heap after
Heap after GC invocations=21 (full 5):
 PSYoungGen      total 451072K, used 65712K [0x00000000d6b80000, 0x0000000100000000, 0x0000000100000000)
  eden space 225792K, 0% used [0x00000000d6b80000,0x00000000d6b80000,0x00000000e4800000)
  from space 225280K, 29% used [0x00000000f2400000,0x00000000f642c030,0x0000000100000000)
  to   space 225280K, 0% used [0x00000000e4800000,0x00000000e4800000,0x00000000f2400000)
 ParOldGen       total 824320K, used 701279K [0x0000000084200000, 0x00000000b6700000, 0x00000000d6b80000)
  object space 824320K, 85% used [0x0000000084200000,0x00000000aeed7c38,0x00000000b6700000)
 Metaspace       used 13309K, capacity 13490K, committed 13696K, reserved 1060864K
  class space    used 1353K, capacity 1402K, committed 1408K, reserved 1048576K
}
Event: 18,418 GC heap before
{Heap before GC invocations=22 (full 5):
 PSYoungGen      total 451072K, used 291504K [0x00000000d6b80000, 0x0000000100000000, 0x0000000100000000)
  eden space 225792K, 100% used [0x00000000d6b80000,0x00000000e4800000,0x00000000e4800000)
  from space 225280K, 29% used [0x00000000f2400000,0x00000000f642c030,0x0000000100000000)
  to   space 225280K, 0% used [0x00000000e4800000,0x00000000e4800000,0x00000000f2400000)
 ParOldGen       total 824320K, used 701279K [0x0000000084200000, 0x00000000b6700000, 0x00000000d6b80000)
  object space 824320K, 85% used [0x0000000084200000,0x00000000aeed7c38,0x00000000b6700000)
 Metaspace       used 13309K, capacity 13490K, committed 13696K, reserved 1060864K
  class space    used 1353K, capacity 1402K, committed 1408K, reserved 1048576K
Event: 18,487 GC heap after
Heap after GC invocations=22 (full 5):
 PSYoungGen      total 451072K, used 131040K [0x00000000d6b80000, 0x0000000100000000, 0x0000000100000000)
  eden space 225792K, 0% used [0x00000000d6b80000,0x00000000d6b80000,0x00000000e4800000)
  from space 225280K, 58% used [0x00000000e4800000,0x00000000ec7f8020,0x00000000f2400000)
  to   space 225280K, 0% used [0x00000000f2400000,0x00000000f2400000,0x0000000100000000)
 ParOldGen       total 824320K, used 701279K [0x0000000084200000, 0x00000000b6700000, 0x00000000d6b80000)
  object space 824320K, 85% used [0x0000000084200000,0x00000000aeed7c38,0x00000000b6700000)
 Metaspace       used 13309K, capacity 13490K, committed 13696K, reserved 1060864K
  class space    used 1353K, capacity 1402K, committed 1408K, reserved 1048576K
}
Event: 18,624 GC heap before
{Heap before GC invocations=23 (full 5):
 PSYoungGen      total 451072K, used 356832K [0x00000000d6b80000, 0x0000000100000000, 0x0000000100000000)
  eden space 225792K, 100% used [0x00000000d6b80000,0x00000000e4800000,0x00000000e4800000)
  from space 225280K, 58% used [0x00000000e4800000,0x00000000ec7f8020,0x00000000f2400000)
  to   space 225280K, 0% used [0x00000000f2400000,0x00000000f2400000,0x0000000100000000)
 ParOldGen       total 824320K, used 701279K [0x0000000084200000, 0x00000000b6700000, 0x00000000d6b80000)
  object space 824320K, 85% used [0x0000000084200000,0x00000000aeed7c38,0x00000000b6700000)
 Metaspace       used 13309K, capacity 13490K, committed 13696K, reserved 1060864K
  class space    used 1353K, capacity 1402K, committed 1408K, reserved 1048576K
Event: 18,964 GC heap after
Heap after GC invocations=23 (full 5):
 PSYoungGen      total 437760K, used 65664K [0x00000000d6b80000, 0x00000000ff300000, 0x0000000100000000)
  eden space 225792K, 0% used [0x00000000d6b80000,0x00000000d6b80000,0x00000000e4800000)
  from space 211968K, 30% used [0x00000000f2400000,0x00000000f6420020,0x00000000ff300000)
  to   space 218624K, 0% used [0x00000000e4800000,0x00000000e4800000,0x00000000f1d80000)
 ParOldGen       total 833024K, used 832591K [0x0000000084200000, 0x00000000b6f80000, 0x00000000d6b80000)
  object space 833024K, 99% used [0x0000000084200000,0x00000000b6f13c38,0x00000000b6f80000)
 Metaspace       used 13309K, capacity 13490K, committed 13696K, reserved 1060864K
  class space    used 1353K, capacity 1402K, committed 1408K, reserved 1048576K
}
Event: 18,964 GC heap before
{Heap before GC invocations=24 (full 6):
 PSYoungGen      total 437760K, used 65664K [0x00000000d6b80000, 0x00000000ff300000, 0x0000000100000000)
  eden space 225792K, 0% used [0x00000000d6b80000,0x00000000d6b80000,0x00000000e4800000)
  from space 211968K, 30% used [0x00000000f2400000,0x00000000f6420020,0x00000000ff300000)
  to   space 218624K, 0% used [0x00000000e4800000,0x00000000e4800000,0x00000000f1d80000)
 ParOldGen       total 833024K, used 832591K [0x0000000084200000, 0x00000000b6f80000, 0x00000000d6b80000)
  object space 833024K, 99% used [0x0000000084200000,0x00000000b6f13c38,0x00000000b6f80000)
 Metaspace       used 13309K, capacity 13490K, committed 13696K, reserved 1060864K
  class space    used 1353K, capacity 1402K, committed 1408K, reserved 1048576K

